Flow report for mips32
Fri Aug 25 16:06:02 2017
Quartus II 64-Bit Version 13.1.0 Build 162 10/23/2013 SJ Web Edition


---------------------
; Table of Contents ;
---------------------
  1. Legal Notice
  2. Flow Summary
  3. Flow Settings
  4. Flow Non-Default Global Settings
  5. Flow Elapsed Time
  6. Flow OS Summary
  7. Flow Log
  8. Flow Messages
  9. Flow Suppressed Messages



----------------
; Legal Notice ;
----------------
Copyright (C) 1991-2013 Altera Corporation
Your use of Altera Corporation's design tools, logic functions 
and other software and tools, and its AMPP partner logic 
functions, and any output files from any of the foregoing 
(including device programming or simulation files), and any 
associated documentation or information are expressly subject 
to the terms and conditions of the Altera Program License 
Subscription Agreement, Altera MegaCore Function License 
Agreement, or other applicable license agreement, including, 
without limitation, that your use is for the sole purpose of 
programming logic devices manufactured by Altera and sold by 
Altera or its authorized distributors.  Please refer to the 
applicable agreement for further details.



+---------------------------------------------------------------------------------+
; Flow Summary                                                                    ;
+------------------------------------+--------------------------------------------+
; Flow Status                        ; Successful - Fri Aug 25 16:05:45 2017      ;
; Quartus II 64-Bit Version          ; 13.1.0 Build 162 10/23/2013 SJ Web Edition ;
; Revision Name                      ; mips32                                     ;
; Top-level Entity Name              ; mips32TOP                                  ;
; Family                             ; Cyclone IV E                               ;
; Total logic elements               ; 3,479 / 28,848 ( 12 % )                    ;
;     Total combinational functions  ; 3,199 / 28,848 ( 11 % )                    ;
;     Dedicated logic registers      ; 1,516 / 28,848 ( 5 % )                     ;
; Total registers                    ; 1516                                       ;
; Total pins                         ; 23 / 329 ( 7 % )                           ;
; Total virtual pins                 ; 0                                          ;
; Total memory bits                  ; 425,984 / 608,256 ( 70 % )                 ;
; Embedded Multiplier 9-bit elements ; 0 / 132 ( 0 % )                            ;
; Total PLLs                         ; 0 / 4 ( 0 % )                              ;
; Device                             ; EP4CE30F23C7                               ;
; Timing Models                      ; Final                                      ;
+------------------------------------+--------------------------------------------+


+-----------------------------------------+
; Flow Settings                           ;
+-------------------+---------------------+
; Option            ; Setting             ;
+-------------------+---------------------+
; Start date & time ; 08/25/2017 16:02:06 ;
; Main task         ; Compilation         ;
; Revision Name     ; mips32              ;
+-------------------+---------------------+


+--------------------------------------------------------------------------------------+
; Flow Non-Default Global Settings                                                     ;
+-----------------------+-------------------+---------------+-------------+------------+
; Assignment Name       ; Value             ; Default Value ; Entity Name ; Section Id ;
+-----------------------+-------------------+---------------+-------------+------------+
; COMPILER_SIGNATURE_ID ; 0.150368772604621 ; --            ; --          ; --         ;
; TOP_LEVEL_ENTITY      ; mips32TOP         ; mips32        ; --          ; --         ;
+-----------------------+-------------------+---------------+-------------+------------+


+-------------------------------------------------------------------------------------------------------------------------------+
; Flow Elapsed Time                                                                                                             ;
+---------------------------+--------------+-------------------------+---------------------+------------------------------------+
; Module Name               ; Elapsed Time ; Average Processors Used ; Peak Virtual Memory ; Total CPU Time (on all processors) ;
+---------------------------+--------------+-------------------------+---------------------+------------------------------------+
; Analysis & Synthesis      ; 00:00:16     ; 1.0                     ; 662 MB              ; 00:00:15                           ;
; Fitter                    ; 00:03:10     ; 1.0                     ; 964 MB              ; 00:03:10                           ;
; Assembler                 ; 00:00:03     ; 1.0                     ; 626 MB              ; 00:00:03                           ;
; TimeQuest Timing Analyzer ; 00:00:14     ; 1.0                     ; 696 MB              ; 00:00:13                           ;
; Total                     ; 00:03:43     ; --                      ; --                  ; 00:03:41                           ;
+---------------------------+--------------+-------------------------+---------------------+------------------------------------+


+-------------------------------------------------------------------------------------------+
; Flow OS Summary                                                                           ;
+---------------------------+------------------+--------------+------------+----------------+
; Module Name               ; Machine Hostname ; OS Name      ; OS Version ; Processor type ;
+---------------------------+------------------+--------------+------------+----------------+
; Analysis & Synthesis      ; inspiron         ; Ubuntu 16.10 ; 16         ; x86_64         ;
; Fitter                    ; inspiron         ; Ubuntu 16.10 ; 16         ; x86_64         ;
; Assembler                 ; inspiron         ; Ubuntu 16.10 ; 16         ; x86_64         ;
; TimeQuest Timing Analyzer ; inspiron         ; Ubuntu 16.10 ; 16         ; x86_64         ;
+---------------------------+------------------+--------------+------------+----------------+


------------
; Flow Log ;
------------
quartus_map --read_settings_files=on --source=../verilog/adder.v --source=../verilog/alu.v --source=../verilog/aluControl.v --source=../verilog/arbiter.v --source=../verilog/arbiter2.v --source=../verilog/arbiterTest.v --source=../verilog/baudRate.v --source=../verilog/compare.v --source=../verilog/dataMem.v --source=../verilog/EX_MEM.v --source=../verilog/forwardingUnit.v --source=../verilog/frequencyDivider.v --source=../verilog/hazardDetection.v --source=../verilog/ID_EX.v --source=../verilog/IF_ID.v --source=../verilog/instructionMem.v --source=../verilog/MEM_WB.v --source=../verilog/mips32TOP.v --source=../verilog/mips32TOP2.v --source=../verilog/mux2.v --source=../verilog/mux3.v --source=../verilog/parameters.v --source=../verilog/pc.v --source=../verilog/RAM.v --source=../verilog/registerFile.v --source=../verilog/ROM.v --source=../verilog/ROMTest.v --source=../verilog/rx.v --source=../verilog/shiftLeft.v --source=../verilog/signEx16.v --source=../verilog/signEx8.v --source=../verilog/tx.v --source=../verilog/uart.v --source=../verilog/unitControl.v mips32
quartus_fit --part=EP4CE30F23C7 --read_settings_files=on mips32
quartus_asm mips32
quartus_sta mips32



